#
# There is insufficient memory for the Java Runtime Environment to continue.
# Native memory allocation (malloc) failed to allocate 178880 bytes for Chunk::new
# Possible reasons:
#   The system is out of physical RAM or swap space
#   The process is running with CompressedOops enabled, and the Java Heap may be blocking the growth of the native heap
# Possible solutions:
#   Reduce memory load on the system
#   Increase physical memory or swap space
#   Check if swap backing store is full
#   Decrease Java heap size (-Xmx/-Xms)
#   Decrease number of Java threads
#   Decrease Java thread stack sizes (-Xss)
#   Set larger code cache with -XX:ReservedCodeCacheSize=
#   JVM is running with Unscaled Compressed Oops mode in which the Java heap is
#     placed in the first 4GB address space. The Java Heap base address is the
#     maximum limit for the native heap growth. Please use -XX:HeapBaseMinAddress
#     to set the Java Heap base and to place the Java Heap above 4GB virtual address.
# This output file may be truncated or incomplete.
#
#  Out of Memory Error (allocation.cpp:390), pid=8260, tid=0x0000000000002298
#
# JRE version: Java(TM) SE Runtime Environment (8.0_201-b09) (build 1.8.0_201-b09)
# Java VM: Java HotSpot(TM) 64-Bit Server VM (25.201-b09 mixed mode windows-amd64 compressed oops)
# Failed to write core dump. Minidumps are not enabled by default on client versions of Windows
#

---------------  T H R E A D  ---------------

Current thread (0x0000000014f6b800):  JavaThread "C2 CompilerThread1" daemon [_thread_in_native, id=8856, stack(0x00000000166e0000,0x00000000167e0000)]

Stack: [0x00000000166e0000,0x00000000167e0000]
[error occurred during error reporting (printing stack bounds), id 0xc0000005]

Native frames: (J=compiled Java code, j=interpreted, Vv=VM code, C=native code)


Current CompileTask:
C2:    609  618  s!   4       sun.misc.URLClassPath::getLoader (243 bytes)


---------------  P R O C E S S  ---------------

Java Threads: ( => current thread )
  0x00000000170f8000 JavaThread "EMF Reference Cleaner" daemon [_thread_blocked, id=9816, stack(0x00000000187b0000,0x00000000188b0000)]
  0x0000000016923000 JavaThread "Service Thread" daemon [_thread_blocked, id=7080, stack(0x0000000016ce0000,0x0000000016de0000)]
  0x0000000014f78800 JavaThread "C1 CompilerThread2" daemon [_thread_in_vm, id=7444, stack(0x00000000167e0000,0x00000000168e0000)]
=>0x0000000014f6b800 JavaThread "C2 CompilerThread1" daemon [_thread_in_native, id=8856, stack(0x00000000166e0000,0x00000000167e0000)]
  0x0000000014f64000 JavaThread "C2 CompilerThread0" daemon [_thread_blocked, id=5752, stack(0x00000000165e0000,0x00000000166e0000)]
  0x0000000014f62000 JavaThread "Attach Listener" daemon [_thread_blocked, id=11024, stack(0x00000000164e0000,0x00000000165e0000)]
  0x0000000014f61000 JavaThread "Signal Dispatcher" daemon [_thread_blocked, id=6200, stack(0x00000000163e0000,0x00000000164e0000)]
  0x0000000014f50000 JavaThread "Finalizer" daemon [_thread_blocked, id=3900, stack(0x00000000161c0000,0x00000000162c0000)]
  0x0000000002995800 JavaThread "Reference Handler" daemon [_thread_blocked, id=4480, stack(0x00000000160c0000,0x00000000161c0000)]
  0x00000000028a4000 JavaThread "main" [_thread_in_native, id=1812, stack(0x00000000026f0000,0x00000000027f0000)]

Other Threads:
  0x0000000014f27800 VMThread [stack: 0x0000000015fc0000,0x00000000160c0000] [id=10532]
  0x000000001692f800 WatcherThread [stack: 0x0000000016de0000,0x0000000016ee0000] [id=11776]

VM state:not at safepoint (normal execution)

VM Mutex/Monitor currently owned by a thread: None

heap address: 0x00000000c1e00000, size: 994 MB, Compressed Oops mode: 32-bit
Narrow klass base: 0x0000000000000000, Narrow klass shift: 3
Compressed class space size: 1073741824 Address: 0x0000000100000000

Heap:
 PSYoungGen      total 35328K, used 12202K [0x00000000eb500000, 0x00000000eda00000, 0x0000000100000000)
  eden space 32768K, 29% used [0x00000000eb500000,0x00000000ebe6ee20,0x00000000ed500000)
  from space 2560K, 99% used [0x00000000ed780000,0x00000000ed9fbc20,0x00000000eda00000)
  to   space 2560K, 0% used [0x00000000ed500000,0x00000000ed500000,0x00000000ed780000)
 ParOldGen       total 44032K, used 2804K [0x00000000c1e00000, 0x00000000c4900000, 0x00000000eb500000)
  object space 44032K, 6% used [0x00000000c1e00000,0x00000000c20bd290,0x00000000c4900000)
 Metaspace       used 6014K, capacity 6142K, committed 6400K, reserved 1056768K
  class space    used 685K, capacity 725K, committed 768K, reserved 1048576K

Card table byte_map: [0x0000000011d60000,0x0000000011f60000] byte_map_base: 0x0000000011751000

Marking Bits: (ParMarkBitMap*) 0x0000000060394ce0
 Begin Bits: [0x00000000124b0000, 0x0000000013438000)
 End Bits:   [0x0000000013438000, 0x00000000143c0000)

Polling page: 0x0000000000ea0000

CodeCache: size=245760Kb used=2711Kb max_used=2714Kb free=243048Kb
 bounds [0x00000000029a0000, 0x0000000002c50000, 0x00000000119a0000]
 total_blobs=920 nmethods=641 adapters=192
 compilation: enabled

Compilation events (10 events):
Event: 0.601 Thread 0x0000000014f78800 nmethod 632 0x0000000002c42910 code [0x0000000002c42b20, 0x0000000002c43858]
Event: 0.602 Thread 0x0000000014f64000 nmethod 633 0x0000000002c46b10 code [0x0000000002c46c80, 0x0000000002c46da8]
Event: 0.602 Thread 0x0000000014f64000  634       4       java.util.ArrayList::get (11 bytes)
Event: 0.603 Thread 0x0000000014f64000 nmethod 634 0x0000000002c46ed0 code [0x0000000002c47000, 0x0000000002c470b8]
Event: 0.606 Thread 0x0000000014f64000  635       4       java.lang.String::lastIndexOf (52 bytes)
Event: 0.606 Thread 0x0000000014f78800  636       3       java.util.concurrent.ConcurrentHashMap::get (162 bytes)
Event: 0.607 Thread 0x0000000014f78800 nmethod 636 0x0000000002c45710 code [0x0000000002c45920, 0x0000000002c46498]
Event: 0.607 Thread 0x0000000014f78800  637       3       java.lang.reflect.Constructor::newInstance (87 bytes)
Event: 0.608 Thread 0x0000000014f78800 nmethod 637 0x0000000002c44b90 code [0x0000000002c44d80, 0x0000000002c454a8]
Event: 0.608 Thread 0x0000000014f78800  638       3       java.lang.Class::privateGetDeclaredConstructors (85 bytes)

GC Heap History (4 events):
Event: 0.357 GC heap before
{Heap before GC invocations=1 (full 0):
 PSYoungGen      total 18944K, used 16359K [0x00000000eb500000, 0x00000000eca00000, 0x0000000100000000)
  eden space 16384K, 99% used [0x00000000eb500000,0x00000000ec4f9f70,0x00000000ec500000)
  from space 2560K, 0% used [0x00000000ec780000,0x00000000ec780000,0x00000000eca00000)
  to   space 2560K, 0% used [0x00000000ec500000,0x00000000ec500000,0x00000000ec780000)
 ParOldGen       total 44032K, used 0K [0x00000000c1e00000, 0x00000000c4900000, 0x00000000eb500000)
  object space 44032K, 0% used [0x00000000c1e00000,0x00000000c1e00000,0x00000000c4900000)
 Metaspace       used 4400K, capacity 4696K, committed 4992K, reserved 1056768K
  class space    used 478K, capacity 528K, committed 640K, reserved 1048576K
Event: 0.361 GC heap after
Heap after GC invocations=1 (full 0):
 PSYoungGen      total 18944K, used 2537K [0x00000000eb500000, 0x00000000eda00000, 0x0000000100000000)
  eden space 16384K, 0% used [0x00000000eb500000,0x00000000eb500000,0x00000000ec500000)
  from space 2560K, 99% used [0x00000000ec500000,0x00000000ec77a530,0x00000000ec780000)
  to   space 2560K, 0% used [0x00000000ed780000,0x00000000ed780000,0x00000000eda00000)
 ParOldGen       total 44032K, used 786K [0x00000000c1e00000, 0x00000000c4900000, 0x00000000eb500000)
  object space 44032K, 1% used [0x00000000c1e00000,0x00000000c1ec4868,0x00000000c4900000)
 Metaspace       used 4400K, capacity 4696K, committed 4992K, reserved 1056768K
  class space    used 478K, capacity 528K, committed 640K, reserved 1048576K
}
Event: 0.546 GC heap before
{Heap before GC invocations=2 (full 0):
 PSYoungGen      total 18944K, used 18921K [0x00000000eb500000, 0x00000000eda00000, 0x0000000100000000)
  eden space 16384K, 100% used [0x00000000eb500000,0x00000000ec500000,0x00000000ec500000)
  from space 2560K, 99% used [0x00000000ec500000,0x00000000ec77a530,0x00000000ec780000)
  to   space 2560K, 0% used [0x00000000ed780000,0x00000000ed780000,0x00000000eda00000)
 ParOldGen       total 44032K, used 786K [0x00000000c1e00000, 0x00000000c4900000, 0x00000000eb500000)
  object space 44032K, 1% used [0x00000000c1e00000,0x00000000c1ec4868,0x00000000c4900000)
 Metaspace       used 5595K, capacity 5720K, committed 5888K, reserved 1056768K
  class space    used 637K, capacity 692K, committed 768K, reserved 1048576K
Event: 0.552 GC heap after
Heap after GC invocations=2 (full 0):
 PSYoungGen      total 35328K, used 2543K [0x00000000eb500000, 0x00000000eda00000, 0x0000000100000000)
  eden space 32768K, 0% used [0x00000000eb500000,0x00000000eb500000,0x00000000ed500000)
  from space 2560K, 99% used [0x00000000ed780000,0x00000000ed9fbc20,0x00000000eda00000)
  to   space 2560K, 0% used [0x00000000ed500000,0x00000000ed500000,0x00000000ed780000)
 ParOldGen       total 44032K, used 2804K [0x00000000c1e00000, 0x00000000c4900000, 0x00000000eb500000)
  object space 44032K, 6% used [0x00000000c1e00000,0x00000000c20bd290,0x00000000c4900000)
 Metaspace       used 5595K, capacity 5720K, committed 5888K, reserved 1056768K
  class space    used 637K, capacity 692K, committed 768K, reserved 1048576K
}

Deoptimization events (10 events):
Event: 0.421 Thread 0x00000000028a4000 Uncommon trap: reason=bimorphic action=maybe_recompile pc=0x0000000002b94d2c method=java.util.HashMap.putVal(ILjava/lang/Object;Ljava/lang/Object;ZZ)Ljava/lang/Object; @ 152
Event: 0.421 Thread 0x00000000028a4000 Uncommon trap: reason=class_check action=maybe_recompile pc=0x0000000002b94ce4 method=java.util.HashMap.putVal(ILjava/lang/Object;Ljava/lang/Object;ZZ)Ljava/lang/Object; @ 91
Event: 0.421 Thread 0x00000000028a4000 Uncommon trap: reason=class_check action=maybe_recompile pc=0x0000000002b94ce4 method=java.util.HashMap.putVal(ILjava/lang/Object;Ljava/lang/Object;ZZ)Ljava/lang/Object; @ 91
Event: 0.421 Thread 0x00000000028a4000 Uncommon trap: reason=class_check action=maybe_recompile pc=0x0000000002b94ce4 method=java.util.HashMap.putVal(ILjava/lang/Object;Ljava/lang/Object;ZZ)Ljava/lang/Object; @ 91
Event: 0.422 Thread 0x00000000028a4000 Uncommon trap: reason=class_check action=maybe_recompile pc=0x0000000002b94ce4 method=java.util.HashMap.putVal(ILjava/lang/Object;Ljava/lang/Object;ZZ)Ljava/lang/Object; @ 91
Event: 0.457 Thread 0x00000000028a4000 Uncommon trap: reason=unstable_if action=reinterpret pc=0x0000000002bbdf84 method=java.util.HashMap.getNode(ILjava/lang/Object;)Ljava/util/HashMap$Node; @ 116
Event: 0.457 Thread 0x00000000028a4000 Uncommon trap: reason=unstable_if action=reinterpret pc=0x0000000002bbd1d4 method=java.util.HashMap.putVal(ILjava/lang/Object;Ljava/lang/Object;ZZ)Ljava/lang/Object; @ 181
Event: 0.528 Thread 0x00000000028a4000 Uncommon trap: reason=unstable_if action=reinterpret pc=0x0000000002bb9d24 method=java.lang.String.indexOf([CII[CIII)I @ 134
Event: 0.531 Thread 0x00000000028a4000 Uncommon trap: reason=unstable_if action=reinterpret pc=0x0000000002c06324 method=java.util.HashMap.putVal(ILjava/lang/Object;Ljava/lang/Object;ZZ)Ljava/lang/Object; @ 193
Event: 0.533 Thread 0x00000000028a4000 Uncommon trap: reason=unstable_if action=reinterpret pc=0x0000000002bbf9ec method=java.util.HashMap.getNode(ILjava/lang/Object;)Ljava/util/HashMap$Node; @ 116

Classes redefined (0 events):
No events

Internal exceptions (10 events):
Event: 0.424 Thread 0x00000000028a4000 Exception <a 'java/security/PrivilegedActionException'> (0x00000000eb8c5980) thrown at [C:\re\workspace\8-2-build-windows-amd64-cygwin\jdk8u201\12322\hotspot\src\share\vm\prims\jvm.cpp, line 1502]
Event: 0.446 Thread 0x00000000028a4000 Exception <a 'java/lang/ClassNotFoundException': org/apache/log4j/PatternLayoutBeanInfo> (0x00000000eba34168) thrown at [C:\re\workspace\8-2-build-windows-amd64-cygwin\jdk8u201\12322\hotspot\src\share\vm\classfile\systemDictionary.cpp, line 210]
Event: 0.447 Thread 0x00000000028a4000 Exception <a 'java/lang/ClassNotFoundException': org/apache/log4j/LayoutBeanInfo> (0x00000000eba42cf8) thrown at [C:\re\workspace\8-2-build-windows-amd64-cygwin\jdk8u201\12322\hotspot\src\share\vm\classfile\systemDictionary.cpp, line 210]
Event: 0.447 Thread 0x00000000028a4000 Exception <a 'java/lang/ClassNotFoundException': java/lang/ObjectBeanInfo> (0x00000000eba499f8) thrown at [C:\re\workspace\8-2-build-windows-amd64-cygwin\jdk8u201\12322\hotspot\src\share\vm\classfile\systemDictionary.cpp, line 210]
Event: 0.447 Thread 0x00000000028a4000 Exception <a 'java/lang/ClassNotFoundException': java/lang/ObjectCustomizer> (0x00000000eba50668) thrown at [C:\re\workspace\8-2-build-windows-amd64-cygwin\jdk8u201\12322\hotspot\src\share\vm\classfile\systemDictionary.cpp, line 210]
Event: 0.450 Thread 0x00000000028a4000 Exception <a 'java/lang/ArrayIndexOutOfBoundsException': 18> (0x00000000eba52d68) thrown at [C:\re\workspace\8-2-build-windows-amd64-cygwin\jdk8u201\12322\hotspot\src\share\vm\interpreter\interpreterRuntime.cpp, line 368]
Event: 0.451 Thread 0x00000000028a4000 Exception <a 'java/lang/ArrayIndexOutOfBoundsException': 22> (0x00000000eba560c8) thrown at [C:\re\workspace\8-2-build-windows-amd64-cygwin\jdk8u201\12322\hotspot\src\share\vm\interpreter\interpreterRuntime.cpp, line 368]
Event: 0.452 Thread 0x00000000028a4000 Exception <a 'java/lang/ArrayIndexOutOfBoundsException': 160> (0x00000000eba584a0) thrown at [C:\re\workspace\8-2-build-windows-amd64-cygwin\jdk8u201\12322\hotspot\src\share\vm\interpreter\interpreterRuntime.cpp, line 368]
Event: 0.455 Thread 0x00000000028a4000 Exception <a 'java/lang/ClassNotFoundException': org/apache/log4j/LayoutCustomizer> (0x00000000eba69cf0) thrown at [C:\re\workspace\8-2-build-windows-amd64-cygwin\jdk8u201\12322\hotspot\src\share\vm\classfile\systemDictionary.cpp, line 210]
Event: 0.457 Thread 0x00000000028a4000 Exception <a 'java/lang/ClassNotFoundException': org/apache/log4j/PatternLayoutCustomizer> (0x00000000eba8f120) thrown at [C:\re\workspace\8-2-build-windows-amd64-cygwin\jdk8u201\12322\hotspot\src\share\vm\classfile\systemDictionary.cpp, line 210]

Events (10 events):
Event: 0.606 Thread 0x00000000028a4000 DEOPT PACKING pc=0x0000000002ab5c0e sp=0x00000000027e8840
Event: 0.606 Thread 0x00000000028a4000 DEOPT UNPACKING pc=0x00000000029e7890 sp=0x00000000027e8558 mode 0
Event: 0.606 loading class org/eclipse/emf/common/util/CommonUtil$StringPool$StringPoolEntry
Event: 0.606 loading class org/eclipse/emf/common/util/CommonUtil$StringPool$StringPoolEntry done
Event: 0.607 loading class org/eclipse/emf/common/util/CommonUtil$StringPool$StringAccessUnit
Event: 0.607 loading class org/eclipse/emf/common/util/CommonUtil$StringPool$StringAccessUnit done
Event: 0.607 loading class org/eclipse/emf/common/util/CommonUtil$StringPool$AccessUnitBase
Event: 0.607 loading class org/eclipse/emf/common/util/CommonUtil$StringPool$AccessUnitBase done
Event: 0.608 loading class org/eclipse/emf/common/util/CommonUtil$StringPool$CharSequenceAccessUnit
Event: 0.608 loading class org/eclipse/emf/common/util/CommonUtil$StringPool$CharSequenceAccessUnit done


Dynamic libraries:
0x00007ff636350000 - 0x00007ff636387000 	C:\Program Files\Java\jre1.8.0_201\bin\javaw.exe
0x00007ff830da0000 - 0x00007ff830f90000 	C:\WINDOWS\SYSTEM32\ntdll.dll
0x00007ff830770000 - 0x00007ff830822000 	C:\WINDOWS\System32\KERNEL32.DLL
0x00007ff82e6b0000 - 0x00007ff82e952000 	C:\WINDOWS\System32\KERNELBASE.dll
0x00007ff82ef50000 - 0x00007ff82eff3000 	C:\WINDOWS\System32\ADVAPI32.dll
0x00007ff830390000 - 0x00007ff83042e000 	C:\WINDOWS\System32\msvcrt.dll
0x00007ff82fc10000 - 0x00007ff82fca7000 	C:\WINDOWS\System32\sechost.dll
0x00007ff82f480000 - 0x00007ff82f5a0000 	C:\WINDOWS\System32\RPCRT4.dll
0x00007ff82fa10000 - 0x00007ff82fba3000 	C:\WINDOWS\System32\USER32.dll
0x00007ff82dd30000 - 0x00007ff82dd51000 	C:\WINDOWS\System32\win32u.dll
0x00007ff82f000000 - 0x00007ff82f026000 	C:\WINDOWS\System32\GDI32.dll
0x00007ff82dd90000 - 0x00007ff82df24000 	C:\WINDOWS\System32\gdi32full.dll
0x00007ff82edc0000 - 0x00007ff82ee5e000 	C:\WINDOWS\System32\msvcp_win.dll
0x00007ff82ea70000 - 0x00007ff82eb6a000 	C:\WINDOWS\System32\ucrtbase.dll
0x00007ff8163d0000 - 0x00007ff816655000 	C:\WINDOWS\WinSxS\amd64_microsoft.windows.common-controls_6595b64144ccf1df_6.0.18356.21_none_a16b617251492316\COMCTL32.dll
0x00007ff830430000 - 0x00007ff830766000 	C:\WINDOWS\System32\combase.dll
0x00007ff82e980000 - 0x00007ff82ea01000 	C:\WINDOWS\System32\bcryptPrimitives.dll
0x00007ff82ef20000 - 0x00007ff82ef4e000 	C:\WINDOWS\System32\IMM32.DLL
0x00000000620a0000 - 0x0000000062171000 	C:\Program Files\Java\jre1.8.0_201\bin\msvcr100.dll
0x000000005fb70000 - 0x0000000060414000 	C:\Program Files\Java\jre1.8.0_201\bin\server\jvm.dll
0x00007ff830bf0000 - 0x00007ff830bf8000 	C:\WINDOWS\System32\PSAPI.DLL
0x00007ff8251a0000 - 0x00007ff8251aa000 	C:\WINDOWS\SYSTEM32\VERSION.dll
0x00007ff82c0c0000 - 0x00007ff82c0e4000 	C:\WINDOWS\SYSTEM32\WINMM.dll
0x00007ff82c090000 - 0x00007ff82c0bd000 	C:\WINDOWS\SYSTEM32\WINMMBASE.dll
0x00007ff82ecc0000 - 0x00007ff82ed0a000 	C:\WINDOWS\System32\cfgmgr32.dll
0x00007ff8254a0000 - 0x00007ff8254a9000 	C:\WINDOWS\SYSTEM32\WSOCK32.dll
0x00007ff830b80000 - 0x00007ff830bef000 	C:\WINDOWS\System32\WS2_32.dll
0x00007ff823440000 - 0x00007ff82344f000 	C:\Program Files\Java\jre1.8.0_201\bin\verify.dll
0x00007ff81ccb0000 - 0x00007ff81ccd9000 	C:\Program Files\Java\jre1.8.0_201\bin\java.dll
0x00007ff81eba0000 - 0x00007ff81ebb6000 	C:\Program Files\Java\jre1.8.0_201\bin\zip.dll
0x00007ff82fcb0000 - 0x00007ff830390000 	C:\WINDOWS\System32\SHELL32.dll
0x00007ff82f030000 - 0x00007ff82f0d9000 	C:\WINDOWS\System32\shcore.dll
0x00007ff82df30000 - 0x00007ff82e6ab000 	C:\WINDOWS\System32\windows.storage.dll
0x00007ff82dca0000 - 0x00007ff82dcbf000 	C:\WINDOWS\System32\profapi.dll
0x00007ff82dce0000 - 0x00007ff82dd2a000 	C:\WINDOWS\System32\powrprof.dll
0x00007ff82dc70000 - 0x00007ff82dc80000 	C:\WINDOWS\System32\UMPDC.dll
0x00007ff830ab0000 - 0x00007ff830b02000 	C:\WINDOWS\System32\shlwapi.dll
0x00007ff82dc80000 - 0x00007ff82dc91000 	C:\WINDOWS\System32\kernel.appcore.dll
0x00007ff82e960000 - 0x00007ff82e977000 	C:\WINDOWS\System32\cryptsp.dll

VM Arguments:
jvm_args: -Duser.language=es_AR -Dfile.encoding=UTF-8 
java_command: org.uqbar.project.wollok.launch.WollokLauncher -r -dd -requestsPort 0 -eventsPort 0 -dynamicDiagramPort 62026 -folder -wf src/empleados.wlk
java_class_path (initial): C:\Users\p4bl1\Desktop\Unahur\Obj1\proyectWollok\empanadas-gimenez-P4BL1SK1\bin;C:\Wollok\plugins\com.ibm.icu_56.1.0.v201601250100.jar;C:\Wollok\plugins\org.eclipse.xtext_2.11.0.v20170130-0808.jar;C:\Wollok\plugins\org.eclipse.emf.ecore.xmi_2.12.0.v20160420-0247.jar;C:\Wollok\plugins\org.eclipse.emf.ecore_2.12.0.v20160420-0247.jar;C:\Wollok\plugins\org.eclipse.emf.common_2.12.0.v20160420-0247.jar;C:\Wollok\plugins\org.antlr.runtime_3.2.0.v201101311130.jar;C:\Wollok\plugins\com.google.inject_3.0.0.v201605172100.jar;C:\Wollok\plugins\org.eclipse.emf.mwe.core_1.4.0.jar;C:\Wollok\plugins\org.apache.commons.cli_1.2.0.v201404270220.jar;C:\Wollok\plugins\org.eclipse.emf.mwe2.runtime_2.10.0.jar;C:\Wollok\plugins\org.eclipse.emf.mwe.utils_1.4.0.jar;C:\Wollok\plugins\org.eclipse.xtext.util_2.11.0.v20170130-0808.jar;C:\Wollok\plugins\com.google.guava_15.0.0.v201403281430.jar;C:\Wollok\plugins\javax.inject_1.0.0.v20091030.jar;C:\Wollok\plugins\org.eclipse.xtext.generator_2.11.0.v20170131-1210.jar;C:\Wollok\plugins\org.eclipse.xtext.xtext.generator_2.11.0.v20170130-0808.jar;C:\Wollok\plugins\org.eclipse.xtext.xbase.lib_2.11.0.v20170124-1424.jar;C:\Wollok\plugins\org.eclipse.emf.codegen.ecore_2.12.0.v20160526-0356.jar;C:\Wollok\plugins\org.eclipse.emf.codegen_2.11.0.v20160526-0356.jar;C:\Wollok\plugins\org.eclipse.xtend_2.2.0.v201605260315.jar;C:\Wollok\plugins\org.eclipse.xpand_2.2.0.v201605260315.jar;C:\Wollok\plugins\org.eclipse.xtend.typesystem.emf_2.2.0.v201605260315.jar;C:\Wollok\plugins\org.eclipse.emf.mwe2.lib_2.9.0.v201605261103.jar;C:\Wollok\plugins\org.uqbar.project.wollok_1.7.6.jar;C:\Wollok\plugins\org.eclipse.xtext.xbase_2.11.0.v20170131-1210.jar;C:\Wollok\plugins\org.eclipse.xtext.common.types_2.11.0.v20170131-1210.jar;C:\Wollok\plugins\org.eclipse.xtend.lib_2.11.0.v20170124-1424.jar;C:\Wollok\plugins\org.eclipse.xtend.lib.macro_2.11.0.v20170124-1424.jar;C:\Wollok\plugins\org.apache.commons.collections_3.2.2.v201511171945.jar;C:\Wollok\
Launcher Type: SUN_STANDARD

Environment Variables:
PATH=C:/Program Files/Java/jre1.8.0_201/bin/server;C:/Program Files/Java/jre1.8.0_201/bin;C:/Program Files/Java/jre1.8.0_201/lib/amd64;C:\Program Files (x86)\Common Files\Oracle\Java\javapath;C:\WINDOWS\system32;C:\WINDOWS;C:\WINDOWS\System32\Wbem;C:\WINDOWS\System32\WindowsPowerShell\v1.0\;C:\WINDOWS\System32\OpenSSH\;C:\Program Files\Git\cmd;C:\Users\p4bl1\AppData\Local\Microsoft\WindowsApps;;C:\Wollok;
USERNAME=P4BL1SK1
OS=Windows_NT
PROCESSOR_IDENTIFIER=Intel64 Family 6 Model 142 Stepping 9, GenuineIntel



---------------  S Y S T E M  ---------------

OS: Windows 10.0 , 64 bit Build 18356 (10.0.18356.1)

CPU:total 4 (initial active 4) (2 cores per cpu, 2 threads per core) family 6 model 142 stepping 9, cmov, cx8, fxsr, mmx, sse, sse2, sse3, ssse3, sse4.1, sse4.2, popcnt, avx, avx2, aes, clmul, erms, 3dnowpref, lzcnt, ht, tsc, tscinvbit, bmi1, bmi2, adx

Memory: 4k page, physical 4066020k(506352k free), swap 16648932k(5236k free)

vm_info: Java HotSpot(TM) 64-Bit Server VM (25.201-b09) for windows-amd64 JRE (1.8.0_201-b09), built on Dec 15 2018 18:36:39 by "java_re" with MS VC++ 10.0 (VS2010)

time: Thu Apr 11 01:31:04 2019
timezone: Hora estándar de Argentina
elapsed time: 0 seconds (0d 0h 0m 0s)

