#
# There is insufficient memory for the Java Runtime Environment to continue.
# Native memory allocation (malloc) failed to allocate 32744 bytes for ChunkPool::allocate
# Possible reasons:
#   The system is out of physical RAM or swap space
#   The process is running with CompressedOops enabled, and the Java Heap may be blocking the growth of the native heap
# Possible solutions:
#   Reduce memory load on the system
#   Increase physical memory or swap space
#   Check if swap backing store is full
#   Decrease Java heap size (-Xmx/-Xms)
#   Decrease number of Java threads
#   Decrease Java thread stack sizes (-Xss)
#   Set larger code cache with -XX:ReservedCodeCacheSize=
#   JVM is running with Unscaled Compressed Oops mode in which the Java heap is
#     placed in the first 4GB address space. The Java Heap base address is the
#     maximum limit for the native heap growth. Please use -XX:HeapBaseMinAddress
#     to set the Java Heap base and to place the Java Heap above 4GB virtual address.
# This output file may be truncated or incomplete.
#
#  Out of Memory Error (allocation.cpp:273), pid=4760, tid=0x00000000000008f8
#
# JRE version: Java(TM) SE Runtime Environment (8.0_201-b09) (build 1.8.0_201-b09)
# Java VM: Java HotSpot(TM) 64-Bit Server VM (25.201-b09 mixed mode windows-amd64 compressed oops)
# Failed to write core dump. Minidumps are not enabled by default on client versions of Windows
#

---------------  T H R E A D  ---------------

Current thread (0x00000000157b2800):  JavaThread "C2 CompilerThread0" daemon [_thread_in_native, id=2296, stack(0x0000000016e30000,0x0000000016f30000)]

Stack: [0x0000000016e30000,0x0000000016f30000]
[error occurred during error reporting (printing stack bounds), id 0xc0000005]

Native frames: (J=compiled Java code, j=interpreted, Vv=VM code, C=native code)


Current CompileTask:
C2:   1130  727       4       java.io.WinNTFileSystem::normalize (143 bytes)


---------------  P R O C E S S  ---------------

Java Threads: ( => current thread )
  0x0000000017dbe800 JavaThread "EMF Reference Cleaner" daemon [_thread_blocked, id=7076, stack(0x0000000019000000,0x0000000019100000)]
  0x000000001580d000 JavaThread "Service Thread" daemon [_thread_blocked, id=5396, stack(0x0000000017530000,0x0000000017630000)]
  0x00000000157be800 JavaThread "C1 CompilerThread2" daemon [_thread_blocked, id=7596, stack(0x0000000017030000,0x0000000017130000)]
  0x00000000157b6000 JavaThread "C2 CompilerThread1" daemon [_thread_blocked, id=10436, stack(0x0000000016f30000,0x0000000017030000)]
=>0x00000000157b2800 JavaThread "C2 CompilerThread0" daemon [_thread_in_native, id=2296, stack(0x0000000016e30000,0x0000000016f30000)]
  0x00000000157b0800 JavaThread "Attach Listener" daemon [_thread_blocked, id=7828, stack(0x0000000016d30000,0x0000000016e30000)]
  0x00000000157af800 JavaThread "Signal Dispatcher" daemon [_thread_blocked, id=7704, stack(0x0000000016c30000,0x0000000016d30000)]
  0x00000000031ea000 JavaThread "Finalizer" daemon [_thread_blocked, id=10876, stack(0x0000000016a10000,0x0000000016b10000)]
  0x00000000031e4800 JavaThread "Reference Handler" daemon [_thread_blocked, id=9548, stack(0x0000000016910000,0x0000000016a10000)]
  0x00000000030f4000 JavaThread "main" [_thread_in_native, id=6360, stack(0x0000000002ff0000,0x00000000030f0000)]

Other Threads:
  0x0000000015778800 VMThread [stack: 0x0000000016810000,0x0000000016910000] [id=3220]
  0x0000000017186800 WatcherThread [stack: 0x0000000017630000,0x0000000017730000] [id=10528]

VM state:not at safepoint (normal execution)

VM Mutex/Monitor currently owned by a thread: None

heap address: 0x00000000c1e00000, size: 994 MB, Compressed Oops mode: 32-bit
Narrow klass base: 0x0000000000000000, Narrow klass shift: 3
Compressed class space size: 1073741824 Address: 0x0000000100000000

Heap:
 PSYoungGen      total 18944K, used 17903K [0x00000000eb500000, 0x00000000eca00000, 0x0000000100000000)
  eden space 16384K, 93% used [0x00000000eb500000,0x00000000ec400188,0x00000000ec500000)
  from space 2560K, 99% used [0x00000000ec780000,0x00000000ec9fbc20,0x00000000eca00000)
  to   space 2560K, 0% used [0x00000000ec500000,0x00000000ec500000,0x00000000ec780000)
 ParOldGen       total 44032K, used 2770K [0x00000000c1e00000, 0x00000000c4900000, 0x00000000eb500000)
  object space 44032K, 6% used [0x00000000c1e00000,0x00000000c20b4ab8,0x00000000c4900000)
 Metaspace       used 7536K, capacity 7622K, committed 7936K, reserved 1056768K
  class space    used 881K, capacity 917K, committed 1024K, reserved 1048576K

Card table byte_map: [0x00000000125b0000,0x00000000127b0000] byte_map_base: 0x0000000011fa1000

Marking Bits: (ParMarkBitMap*) 0x0000000060394ce0
 Begin Bits: [0x0000000012d00000, 0x0000000013c88000)
 End Bits:   [0x0000000013c88000, 0x0000000014c10000)

Polling page: 0x0000000001790000

CodeCache: size=245760Kb used=3286Kb max_used=3296Kb free=242473Kb
 bounds [0x00000000031f0000, 0x0000000003530000, 0x00000000121f0000]
 total_blobs=1097 nmethods=780 adapters=230
 compilation: enabled

Compilation events (10 events):
Event: 1.110 Thread 0x00000000157be800 nmethod 778 0x0000000003525250 code [0x0000000003525400, 0x0000000003525968]
Event: 1.112 Thread 0x00000000157b6000 nmethod 776 0x0000000003529810 code [0x0000000003529980, 0x0000000003529d98]
Event: 1.112 Thread 0x00000000157b6000  777  s    4       java.io.BufferedInputStream::read (49 bytes)
Event: 1.112 Thread 0x00000000157be800  779       1       sun.util.calendar.CalendarDate::getMonth (5 bytes)
Event: 1.112 Thread 0x00000000157be800 nmethod 779 0x0000000003529550 code [0x00000000035296a0, 0x00000000035297b0]
Event: 1.112 Thread 0x00000000157be800  780       3       java.util.Calendar::internalSet (8 bytes)
Event: 1.112 Thread 0x00000000157be800 nmethod 780 0x0000000003529190 code [0x00000000035292e0, 0x0000000003529450]
Event: 1.114 Thread 0x00000000157b6000 nmethod 777 0x00000000035275d0 code [0x0000000003527720, 0x0000000003527b48]
Event: 1.115 Thread 0x00000000157be800  781       3       java.util.ArrayList::addAll (54 bytes)
Event: 1.116 Thread 0x00000000157be800 nmethod 781 0x0000000003526a90 code [0x0000000003526c40, 0x0000000003527328]

GC Heap History (4 events):
Event: 0.627 GC heap before
{Heap before GC invocations=1 (full 0):
 PSYoungGen      total 18944K, used 16359K [0x00000000eb500000, 0x00000000eca00000, 0x0000000100000000)
  eden space 16384K, 99% used [0x00000000eb500000,0x00000000ec4f9f70,0x00000000ec500000)
  from space 2560K, 0% used [0x00000000ec780000,0x00000000ec780000,0x00000000eca00000)
  to   space 2560K, 0% used [0x00000000ec500000,0x00000000ec500000,0x00000000ec780000)
 ParOldGen       total 44032K, used 0K [0x00000000c1e00000, 0x00000000c4900000, 0x00000000eb500000)
  object space 44032K, 0% used [0x00000000c1e00000,0x00000000c1e00000,0x00000000c4900000)
 Metaspace       used 4405K, capacity 4696K, committed 4992K, reserved 1056768K
  class space    used 478K, capacity 528K, committed 640K, reserved 1048576K
Event: 0.630 GC heap after
Heap after GC invocations=1 (full 0):
 PSYoungGen      total 18944K, used 2553K [0x00000000eb500000, 0x00000000eca00000, 0x0000000100000000)
  eden space 16384K, 0% used [0x00000000eb500000,0x00000000eb500000,0x00000000ec500000)
  from space 2560K, 99% used [0x00000000ec500000,0x00000000ec77e540,0x00000000ec780000)
  to   space 2560K, 0% used [0x00000000ec780000,0x00000000ec780000,0x00000000eca00000)
 ParOldGen       total 44032K, used 786K [0x00000000c1e00000, 0x00000000c4900000, 0x00000000eb500000)
  object space 44032K, 1% used [0x00000000c1e00000,0x00000000c1ec4868,0x00000000c4900000)
 Metaspace       used 4405K, capacity 4696K, committed 4992K, reserved 1056768K
  class space    used 478K, capacity 528K, committed 640K, reserved 1048576K
}
Event: 0.911 GC heap before
{Heap before GC invocations=2 (full 0):
 PSYoungGen      total 18944K, used 18937K [0x00000000eb500000, 0x00000000eca00000, 0x0000000100000000)
  eden space 16384K, 100% used [0x00000000eb500000,0x00000000ec500000,0x00000000ec500000)
  from space 2560K, 99% used [0x00000000ec500000,0x00000000ec77e540,0x00000000ec780000)
  to   space 2560K, 0% used [0x00000000ec780000,0x00000000ec780000,0x00000000eca00000)
 ParOldGen       total 44032K, used 786K [0x00000000c1e00000, 0x00000000c4900000, 0x00000000eb500000)
  object space 44032K, 1% used [0x00000000c1e00000,0x00000000c1ec4868,0x00000000c4900000)
 Metaspace       used 5609K, capacity 5728K, committed 5888K, reserved 1056768K
  class space    used 637K, capacity 692K, committed 768K, reserved 1048576K
Event: 0.918 GC heap after
Heap after GC invocations=2 (full 0):
 PSYoungGen      total 18944K, used 2543K [0x00000000eb500000, 0x00000000eca00000, 0x0000000100000000)
  eden space 16384K, 0% used [0x00000000eb500000,0x00000000eb500000,0x00000000ec500000)
  from space 2560K, 99% used [0x00000000ec780000,0x00000000ec9fbc20,0x00000000eca00000)
  to   space 2560K, 0% used [0x00000000ec500000,0x00000000ec500000,0x00000000ec780000)
 ParOldGen       total 44032K, used 2770K [0x00000000c1e00000, 0x00000000c4900000, 0x00000000eb500000)
  object space 44032K, 6% used [0x00000000c1e00000,0x00000000c20b4ab8,0x00000000c4900000)
 Metaspace       used 5609K, capacity 5728K, committed 5888K, reserved 1056768K
  class space    used 637K, capacity 692K, committed 768K, reserved 1048576K
}

Deoptimization events (10 events):
Event: 0.722 Thread 0x00000000030f4000 Uncommon trap: reason=class_check action=maybe_recompile pc=0x00000000033dec90 method=java.util.HashMap.putVal(ILjava/lang/Object;Ljava/lang/Object;ZZ)Ljava/lang/Object; @ 91
Event: 0.722 Thread 0x00000000030f4000 Uncommon trap: reason=class_check action=maybe_recompile pc=0x00000000033dec90 method=java.util.HashMap.putVal(ILjava/lang/Object;Ljava/lang/Object;ZZ)Ljava/lang/Object; @ 91
Event: 0.722 Thread 0x00000000030f4000 Uncommon trap: reason=class_check action=maybe_recompile pc=0x00000000033dec90 method=java.util.HashMap.putVal(ILjava/lang/Object;Ljava/lang/Object;ZZ)Ljava/lang/Object; @ 91
Event: 0.722 Thread 0x00000000030f4000 Uncommon trap: reason=class_check action=maybe_recompile pc=0x00000000033d7f74 method=java.util.HashMap.putVal(ILjava/lang/Object;Ljava/lang/Object;ZZ)Ljava/lang/Object; @ 91
Event: 0.781 Thread 0x00000000030f4000 Uncommon trap: reason=unstable_if action=reinterpret pc=0x00000000033dff98 method=java.util.HashMap.getNode(ILjava/lang/Object;)Ljava/util/HashMap$Node; @ 116
Event: 0.786 Thread 0x00000000030f4000 Uncommon trap: reason=unstable_if action=reinterpret pc=0x0000000003415440 method=java.lang.AbstractStringBuilder.append(Ljava/lang/String;)Ljava/lang/AbstractStringBuilder; @ 1
Event: 0.891 Thread 0x00000000030f4000 Uncommon trap: reason=unstable_if action=reinterpret pc=0x0000000003414428 method=java.lang.String.indexOf([CII[CIII)I @ 134
Event: 1.103 Thread 0x00000000030f4000 Uncommon trap: reason=unstable_if action=reinterpret pc=0x00000000033ed630 method=java.util.HashMap.resize()[Ljava/util/HashMap$Node; @ 56
Event: 1.107 Thread 0x00000000030f4000 Uncommon trap: reason=unstable_if action=reinterpret pc=0x00000000034cbb6c method=java.util.HashMap.tableSizeFor(I)I @ 37
Event: 1.107 Thread 0x00000000030f4000 Uncommon trap: reason=unstable_if action=reinterpret pc=0x00000000033dba1c method=java.util.HashMap.getNode(ILjava/lang/Object;)Ljava/util/HashMap$Node; @ 116

Classes redefined (0 events):
No events

Internal exceptions (10 events):
Event: 0.759 Thread 0x00000000030f4000 Exception <a 'java/lang/ClassNotFoundException': org/apache/log4j/PatternLayoutBeanInfo> (0x00000000eba34870) thrown at [C:\re\workspace\8-2-build-windows-amd64-cygwin\jdk8u201\12322\hotspot\src\share\vm\classfile\systemDictionary.cpp, line 210]
Event: 0.760 Thread 0x00000000030f4000 Exception <a 'java/lang/ClassNotFoundException': org/apache/log4j/LayoutBeanInfo> (0x00000000eba43408) thrown at [C:\re\workspace\8-2-build-windows-amd64-cygwin\jdk8u201\12322\hotspot\src\share\vm\classfile\systemDictionary.cpp, line 210]
Event: 0.761 Thread 0x00000000030f4000 Exception <a 'java/lang/ClassNotFoundException': java/lang/ObjectBeanInfo> (0x00000000eba4a1f8) thrown at [C:\re\workspace\8-2-build-windows-amd64-cygwin\jdk8u201\12322\hotspot\src\share\vm\classfile\systemDictionary.cpp, line 210]
Event: 0.761 Thread 0x00000000030f4000 Exception <a 'java/lang/ClassNotFoundException': java/lang/ObjectCustomizer> (0x00000000eba50e68) thrown at [C:\re\workspace\8-2-build-windows-amd64-cygwin\jdk8u201\12322\hotspot\src\share\vm\classfile\systemDictionary.cpp, line 210]
Event: 0.769 Thread 0x00000000030f4000 Exception <a 'java/lang/ArrayIndexOutOfBoundsException': 18> (0x00000000eba53568) thrown at [C:\re\workspace\8-2-build-windows-amd64-cygwin\jdk8u201\12322\hotspot\src\share\vm\interpreter\interpreterRuntime.cpp, line 368]
Event: 0.771 Thread 0x00000000030f4000 Exception <a 'java/lang/ArrayIndexOutOfBoundsException': 22> (0x00000000eba568c8) thrown at [C:\re\workspace\8-2-build-windows-amd64-cygwin\jdk8u201\12322\hotspot\src\share\vm\interpreter\interpreterRuntime.cpp, line 368]
Event: 0.773 Thread 0x00000000030f4000 Exception <a 'java/lang/ArrayIndexOutOfBoundsException'> (0x00000000eba58ca0) thrown at [C:\re\workspace\8-2-build-windows-amd64-cygwin\jdk8u201\12322\hotspot\src\share\vm\runtime\sharedRuntime.cpp, line 605]
Event: 0.776 Thread 0x00000000030f4000 Exception <a 'java/lang/ClassNotFoundException': org/apache/log4j/LayoutCustomizer> (0x00000000eba6a400) thrown at [C:\re\workspace\8-2-build-windows-amd64-cygwin\jdk8u201\12322\hotspot\src\share\vm\classfile\systemDictionary.cpp, line 210]
Event: 0.780 Thread 0x00000000030f4000 Exception <a 'java/lang/ClassNotFoundException': org/apache/log4j/PatternLayoutCustomizer> (0x00000000eba8f450) thrown at [C:\re\workspace\8-2-build-windows-amd64-cygwin\jdk8u201\12322\hotspot\src\share\vm\classfile\systemDictionary.cpp, line 210]
Event: 0.786 Thread 0x00000000030f4000 Implicit null exception at 0x0000000003415096 to 0x0000000003415429

Events (10 events):
Event: 1.116 loading class org/eclipse/emf/ecore/ETypeParameter
Event: 1.116 loading class org/eclipse/emf/ecore/ETypeParameter done
Event: 1.116 loading class org/eclipse/emf/ecore/EAnnotation
Event: 1.116 loading class org/eclipse/emf/ecore/EAnnotation done
Event: 1.116 loading class org/eclipse/emf/ecore/EGenericType
Event: 1.116 loading class org/eclipse/emf/ecore/EGenericType done
Event: 1.117 loading class org/eclipse/emf/ecore/EcorePackage
Event: 1.117 loading class org/eclipse/emf/ecore/EcorePackage done
Event: 1.118 loading class org/eclipse/emf/ecore/impl/EcorePackageImpl
Event: 1.118 loading class org/eclipse/emf/ecore/impl/EcorePackageImpl done


Dynamic libraries:
0x00007ff636350000 - 0x00007ff636387000 	C:\Program Files\Java\jre1.8.0_201\bin\javaw.exe
0x00007ff830da0000 - 0x00007ff830f90000 	C:\WINDOWS\SYSTEM32\ntdll.dll
0x00007ff830770000 - 0x00007ff830822000 	C:\WINDOWS\System32\KERNEL32.DLL
0x00007ff82e6b0000 - 0x00007ff82e952000 	C:\WINDOWS\System32\KERNELBASE.dll
0x00007ff82ef50000 - 0x00007ff82eff3000 	C:\WINDOWS\System32\ADVAPI32.dll
0x00007ff830390000 - 0x00007ff83042e000 	C:\WINDOWS\System32\msvcrt.dll
0x00007ff82fc10000 - 0x00007ff82fca7000 	C:\WINDOWS\System32\sechost.dll
0x00007ff82f480000 - 0x00007ff82f5a0000 	C:\WINDOWS\System32\RPCRT4.dll
0x00007ff82fa10000 - 0x00007ff82fba3000 	C:\WINDOWS\System32\USER32.dll
0x00007ff82dd30000 - 0x00007ff82dd51000 	C:\WINDOWS\System32\win32u.dll
0x00007ff82f000000 - 0x00007ff82f026000 	C:\WINDOWS\System32\GDI32.dll
0x00007ff82dd90000 - 0x00007ff82df24000 	C:\WINDOWS\System32\gdi32full.dll
0x00007ff82edc0000 - 0x00007ff82ee5e000 	C:\WINDOWS\System32\msvcp_win.dll
0x00007ff82ea70000 - 0x00007ff82eb6a000 	C:\WINDOWS\System32\ucrtbase.dll
0x00007ff8163d0000 - 0x00007ff816655000 	C:\WINDOWS\WinSxS\amd64_microsoft.windows.common-controls_6595b64144ccf1df_6.0.18356.21_none_a16b617251492316\COMCTL32.dll
0x00007ff830430000 - 0x00007ff830766000 	C:\WINDOWS\System32\combase.dll
0x00007ff82e980000 - 0x00007ff82ea01000 	C:\WINDOWS\System32\bcryptPrimitives.dll
0x00007ff82ef20000 - 0x00007ff82ef4e000 	C:\WINDOWS\System32\IMM32.DLL
0x00000000620a0000 - 0x0000000062171000 	C:\Program Files\Java\jre1.8.0_201\bin\msvcr100.dll
0x000000005fb70000 - 0x0000000060414000 	C:\Program Files\Java\jre1.8.0_201\bin\server\jvm.dll
0x00007ff830bf0000 - 0x00007ff830bf8000 	C:\WINDOWS\System32\PSAPI.DLL
0x00007ff8251a0000 - 0x00007ff8251aa000 	C:\WINDOWS\SYSTEM32\VERSION.dll
0x00007ff82c0c0000 - 0x00007ff82c0e4000 	C:\WINDOWS\SYSTEM32\WINMM.dll
0x00007ff8254a0000 - 0x00007ff8254a9000 	C:\WINDOWS\SYSTEM32\WSOCK32.dll
0x00007ff830b80000 - 0x00007ff830bef000 	C:\WINDOWS\System32\WS2_32.dll
0x00007ff82c090000 - 0x00007ff82c0bd000 	C:\WINDOWS\SYSTEM32\WINMMBASE.dll
0x00007ff82ecc0000 - 0x00007ff82ed0a000 	C:\WINDOWS\System32\cfgmgr32.dll
0x00007ff823440000 - 0x00007ff82344f000 	C:\Program Files\Java\jre1.8.0_201\bin\verify.dll
0x00007ff81ccb0000 - 0x00007ff81ccd9000 	C:\Program Files\Java\jre1.8.0_201\bin\java.dll
0x00007ff81eba0000 - 0x00007ff81ebb6000 	C:\Program Files\Java\jre1.8.0_201\bin\zip.dll
0x00007ff82fcb0000 - 0x00007ff830390000 	C:\WINDOWS\System32\SHELL32.dll
0x00007ff82f030000 - 0x00007ff82f0d9000 	C:\WINDOWS\System32\shcore.dll
0x00007ff82df30000 - 0x00007ff82e6ab000 	C:\WINDOWS\System32\windows.storage.dll
0x00007ff82dca0000 - 0x00007ff82dcbf000 	C:\WINDOWS\System32\profapi.dll
0x00007ff82dce0000 - 0x00007ff82dd2a000 	C:\WINDOWS\System32\powrprof.dll
0x00007ff82dc70000 - 0x00007ff82dc80000 	C:\WINDOWS\System32\UMPDC.dll
0x00007ff830ab0000 - 0x00007ff830b02000 	C:\WINDOWS\System32\shlwapi.dll
0x00007ff82dc80000 - 0x00007ff82dc91000 	C:\WINDOWS\System32\kernel.appcore.dll
0x00007ff82e960000 - 0x00007ff82e977000 	C:\WINDOWS\System32\cryptsp.dll

VM Arguments:
jvm_args: -Duser.language=es_AR -Dfile.encoding=UTF-8 
java_command: org.uqbar.project.wollok.launch.WollokLauncher -r -dd -requestsPort 0 -eventsPort 0 -dynamicDiagramPort 62026 -folder -wf src/empleados.wlk
java_class_path (initial): C:\Users\p4bl1\Desktop\Unahur\Obj1\proyectWollok\empanadas-gimenez-P4BL1SK1\bin;C:\Wollok\plugins\com.ibm.icu_56.1.0.v201601250100.jar;C:\Wollok\plugins\org.eclipse.xtext_2.11.0.v20170130-0808.jar;C:\Wollok\plugins\org.eclipse.emf.ecore.xmi_2.12.0.v20160420-0247.jar;C:\Wollok\plugins\org.eclipse.emf.ecore_2.12.0.v20160420-0247.jar;C:\Wollok\plugins\org.eclipse.emf.common_2.12.0.v20160420-0247.jar;C:\Wollok\plugins\org.antlr.runtime_3.2.0.v201101311130.jar;C:\Wollok\plugins\com.google.inject_3.0.0.v201605172100.jar;C:\Wollok\plugins\org.eclipse.emf.mwe.core_1.4.0.jar;C:\Wollok\plugins\org.apache.commons.cli_1.2.0.v201404270220.jar;C:\Wollok\plugins\org.eclipse.emf.mwe2.runtime_2.10.0.jar;C:\Wollok\plugins\org.eclipse.emf.mwe.utils_1.4.0.jar;C:\Wollok\plugins\org.eclipse.xtext.util_2.11.0.v20170130-0808.jar;C:\Wollok\plugins\com.google.guava_15.0.0.v201403281430.jar;C:\Wollok\plugins\javax.inject_1.0.0.v20091030.jar;C:\Wollok\plugins\org.eclipse.xtext.generator_2.11.0.v20170131-1210.jar;C:\Wollok\plugins\org.eclipse.xtext.xtext.generator_2.11.0.v20170130-0808.jar;C:\Wollok\plugins\org.eclipse.xtext.xbase.lib_2.11.0.v20170124-1424.jar;C:\Wollok\plugins\org.eclipse.emf.codegen.ecore_2.12.0.v20160526-0356.jar;C:\Wollok\plugins\org.eclipse.emf.codegen_2.11.0.v20160526-0356.jar;C:\Wollok\plugins\org.eclipse.xtend_2.2.0.v201605260315.jar;C:\Wollok\plugins\org.eclipse.xpand_2.2.0.v201605260315.jar;C:\Wollok\plugins\org.eclipse.xtend.typesystem.emf_2.2.0.v201605260315.jar;C:\Wollok\plugins\org.eclipse.emf.mwe2.lib_2.9.0.v201605261103.jar;C:\Wollok\plugins\org.uqbar.project.wollok_1.7.6.jar;C:\Wollok\plugins\org.eclipse.xtext.xbase_2.11.0.v20170131-1210.jar;C:\Wollok\plugins\org.eclipse.xtext.common.types_2.11.0.v20170131-1210.jar;C:\Wollok\plugins\org.eclipse.xtend.lib_2.11.0.v20170124-1424.jar;C:\Wollok\plugins\org.eclipse.xtend.lib.macro_2.11.0.v20170124-1424.jar;C:\Wollok\plugins\org.apache.commons.collections_3.2.2.v201511171945.jar;C:\Wollok\
Launcher Type: SUN_STANDARD

Environment Variables:
PATH=C:/Program Files/Java/jre1.8.0_201/bin/server;C:/Program Files/Java/jre1.8.0_201/bin;C:/Program Files/Java/jre1.8.0_201/lib/amd64;C:\Program Files (x86)\Common Files\Oracle\Java\javapath;C:\WINDOWS\system32;C:\WINDOWS;C:\WINDOWS\System32\Wbem;C:\WINDOWS\System32\WindowsPowerShell\v1.0\;C:\WINDOWS\System32\OpenSSH\;C:\Program Files\Git\cmd;C:\Users\p4bl1\AppData\Local\Microsoft\WindowsApps;;C:\Wollok;
USERNAME=P4BL1SK1
OS=Windows_NT
PROCESSOR_IDENTIFIER=Intel64 Family 6 Model 142 Stepping 9, GenuineIntel



---------------  S Y S T E M  ---------------

OS: Windows 10.0 , 64 bit Build 18356 (10.0.18356.1)

CPU:total 4 (initial active 4) (2 cores per cpu, 2 threads per core) family 6 model 142 stepping 9, cmov, cx8, fxsr, mmx, sse, sse2, sse3, ssse3, sse4.1, sse4.2, popcnt, avx, avx2, aes, clmul, erms, 3dnowpref, lzcnt, ht, tsc, tscinvbit, bmi1, bmi2, adx

Memory: 4k page, physical 4066020k(479724k free), swap 16648932k(5124k free)

vm_info: Java HotSpot(TM) 64-Bit Server VM (25.201-b09) for windows-amd64 JRE (1.8.0_201-b09), built on Dec 15 2018 18:36:39 by "java_re" with MS VC++ 10.0 (VS2010)

time: Thu Apr 11 01:31:45 2019
timezone: Hora estándar de Argentina
elapsed time: 1 seconds (0d 0h 0m 1s)

