#
# There is insufficient memory for the Java Runtime Environment to continue.
# Native memory allocation (malloc) failed to allocate 165296 bytes for Chunk::new
# Possible reasons:
#   The system is out of physical RAM or swap space
#   The process is running with CompressedOops enabled, and the Java Heap may be blocking the growth of the native heap
# Possible solutions:
#   Reduce memory load on the system
#   Increase physical memory or swap space
#   Check if swap backing store is full
#   Decrease Java heap size (-Xmx/-Xms)
#   Decrease number of Java threads
#   Decrease Java thread stack sizes (-Xss)
#   Set larger code cache with -XX:ReservedCodeCacheSize=
#   JVM is running with Unscaled Compressed Oops mode in which the Java heap is
#     placed in the first 4GB address space. The Java Heap base address is the
#     maximum limit for the native heap growth. Please use -XX:HeapBaseMinAddress
#     to set the Java Heap base and to place the Java Heap above 4GB virtual address.
# This output file may be truncated or incomplete.
#
#  Out of Memory Error (allocation.cpp:390), pid=8412, tid=0x0000000000000e40
#
# JRE version: Java(TM) SE Runtime Environment (8.0_201-b09) (build 1.8.0_201-b09)
# Java VM: Java HotSpot(TM) 64-Bit Server VM (25.201-b09 mixed mode windows-amd64 compressed oops)
# Failed to write core dump. Minidumps are not enabled by default on client versions of Windows
#

---------------  T H R E A D  ---------------

Current thread (0x0000000015709800):  JavaThread "C2 CompilerThread1" daemon [_thread_in_native, id=3648, stack(0x0000000016e80000,0x0000000016f80000)]

Stack: [0x0000000016e80000,0x0000000016f80000]
[error occurred during error reporting (printing stack bounds), id 0xc0000005]

Native frames: (J=compiled Java code, j=interpreted, Vv=VM code, C=native code)


Current CompileTask:
C2:    797  251 %     4       sun.security.provider.SHA::implCompress @ 203 (491 bytes)


---------------  P R O C E S S  ---------------

Java Threads: ( => current thread )
  0x00000000170c0800 JavaThread "Service Thread" daemon [_thread_blocked, id=8536, stack(0x0000000017480000,0x0000000017580000)]
  0x0000000015714800 JavaThread "C1 CompilerThread2" daemon [_thread_blocked, id=9788, stack(0x0000000016f80000,0x0000000017080000)]
=>0x0000000015709800 JavaThread "C2 CompilerThread1" daemon [_thread_in_native, id=3648, stack(0x0000000016e80000,0x0000000016f80000)]
  0x0000000015702000 JavaThread "C2 CompilerThread0" daemon [_thread_in_native, id=9840, stack(0x0000000016d80000,0x0000000016e80000)]
  0x0000000015700000 JavaThread "Attach Listener" daemon [_thread_blocked, id=8456, stack(0x0000000016c80000,0x0000000016d80000)]
  0x00000000156fe800 JavaThread "Signal Dispatcher" daemon [_thread_blocked, id=1040, stack(0x0000000016b80000,0x0000000016c80000)]
  0x000000000313d800 JavaThread "Finalizer" daemon [_thread_blocked, id=6320, stack(0x0000000016960000,0x0000000016a60000)]
  0x0000000003134800 JavaThread "Reference Handler" daemon [_thread_blocked, id=6252, stack(0x0000000016860000,0x0000000016960000)]
  0x0000000003044000 JavaThread "main" [_thread_in_native, id=8816, stack(0x0000000002e60000,0x0000000002f60000)]

Other Threads:
  0x00000000156c8800 VMThread [stack: 0x0000000016760000,0x0000000016860000] [id=4352]
  0x000000001575e000 WatcherThread [stack: 0x0000000017580000,0x0000000017680000] [id=10976]

VM state:not at safepoint (normal execution)

VM Mutex/Monitor currently owned by a thread: None

OutOfMemory and StackOverflow Exception counts:
OutOfMemoryError java_heap_errors=4

heap address: 0x00000000c1e00000, size: 994 MB, Compressed Oops mode: 32-bit
Narrow klass base: 0x0000000000000000, Narrow klass shift: 3
Compressed class space size: 1073741824 Address: 0x0000000100000000

Heap:
 PSYoungGen      total 18944K, used 11253K [0x00000000eb500000, 0x00000000eca00000, 0x0000000100000000)
  eden space 16384K, 68% used [0x00000000eb500000,0x00000000ebffd688,0x00000000ec500000)
  from space 2560K, 0% used [0x00000000ec780000,0x00000000ec780000,0x00000000eca00000)
  to   space 2560K, 0% used [0x00000000ec500000,0x00000000ec500000,0x00000000ec780000)
 ParOldGen       total 44032K, used 0K [0x00000000c1e00000, 0x00000000c4900000, 0x00000000eb500000)
  object space 44032K, 0% used [0x00000000c1e00000,0x00000000c1e00000,0x00000000c4900000)
 Metaspace       used 4355K, capacity 4660K, committed 4864K, reserved 1056768K
  class space    used 475K, capacity 492K, committed 512K, reserved 1048576K

Card table byte_map: [0x0000000012500000,0x0000000012700000] byte_map_base: 0x0000000011ef1000

Marking Bits: (ParMarkBitMap*) 0x0000000060394ce0
 Begin Bits: [0x0000000012c50000, 0x0000000013bd8000)
 End Bits:   [0x0000000013bd8000, 0x0000000014b60000)

Polling page: 0x0000000000de0000

CodeCache: size=245760Kb used=1691Kb max_used=1691Kb free=244068Kb
 bounds [0x0000000003140000, 0x00000000033b0000, 0x0000000012140000]
 total_blobs=537 nmethods=268 adapters=182
 compilation: enabled

Compilation events (10 events):
Event: 0.630 Thread 0x0000000015714800  257       3       java.util.TreeMap::parentOf (13 bytes)
Event: 0.630 Thread 0x0000000015714800 nmethod 257 0x00000000032ddb10 code [0x00000000032ddc60, 0x00000000032dddf0]
Event: 0.630 Thread 0x0000000015714800  261       1       sun.security.x509.X509AttributeName::getSuffix (5 bytes)
Event: 0.630 Thread 0x0000000015714800 nmethod 261 0x00000000032dd850 code [0x00000000032dd9a0, 0x00000000032ddab0]
Event: 0.630 Thread 0x0000000015714800  263       1       sun.security.x509.X509AttributeName::getPrefix (5 bytes)
Event: 0.630 Thread 0x0000000015714800 nmethod 263 0x00000000032dd590 code [0x00000000032dd6e0, 0x00000000032dd7f0]
Event: 0.630 Thread 0x0000000015714800  264       1       java.lang.Integer::intValue (5 bytes)
Event: 0.630 Thread 0x0000000015714800 nmethod 264 0x00000000032dd2d0 code [0x00000000032dd420, 0x00000000032dd530]
Event: 0.630 Thread 0x0000000015714800  260       1       java.lang.Class::getClassLoader0 (5 bytes)
Event: 0.631 Thread 0x0000000015714800 nmethod 260 0x00000000032e7a10 code [0x00000000032e7b60, 0x00000000032e7c70]

GC Heap History (0 events):
No events

Deoptimization events (1 events):
Event: 0.518 Thread 0x0000000003044000 Uncommon trap: reason=unstable_if action=reinterpret pc=0x0000000003261e78 method=java.lang.String.hashCode()I @ 14

Classes redefined (0 events):
No events

Internal exceptions (6 events):
Event: 0.044 Thread 0x0000000003044000 Exception <a 'java/lang/NoSuchMethodError': Method sun.misc.Unsafe.defineClass(Ljava/lang/String;[BII)Ljava/lang/Class; name or signature does not match> (0x00000000eb507cb0) thrown at [C:\re\workspace\8-2-build-windows-amd64-cygwin\jdk8u201\12322\hotspot
Event: 0.044 Thread 0x0000000003044000 Exception <a 'java/lang/NoSuchMethodError': Method sun.misc.Unsafe.prefetchRead(Ljava/lang/Object;J)V name or signature does not match> (0x00000000eb507f98) thrown at [C:\re\workspace\8-2-build-windows-amd64-cygwin\jdk8u201\12322\hotspot\src\share\vm\prim
Event: 0.631 Thread 0x0000000003044000 Exception <a 'java/lang/OutOfMemoryError'> (0x00000000ebfea9d0) thrown at [C:\re\workspace\8-2-build-windows-amd64-cygwin\jdk8u201\12322\hotspot\src\share\vm\prims\jni.cpp, line 735]
Event: 0.631 Thread 0x0000000003044000 Exception <a 'java/lang/OutOfMemoryError'> (0x00000000ebfea9d0) thrown at [C:\re\workspace\8-2-build-windows-amd64-cygwin\jdk8u201\12322\hotspot\src\share\vm\prims\jvm.cpp, line 1506]
Event: 0.631 Thread 0x0000000003044000 Exception <a 'java/lang/OutOfMemoryError'> (0x00000000ebfea9d0) thrown at [C:\re\workspace\8-2-build-windows-amd64-cygwin\jdk8u201\12322\hotspot\src\share\vm\prims\jvm.cpp, line 1506]
Event: 0.631 Thread 0x0000000003044000 Exception <a 'java/lang/OutOfMemoryError'> (0x00000000ebfea9d0) thrown at [C:\re\workspace\8-2-build-windows-amd64-cygwin\jdk8u201\12322\hotspot\src\share\vm\prims\jvm.cpp, line 1506]

Events (10 events):
Event: 0.629 loading class java/io/FileFilter
Event: 0.629 loading class java/io/FileFilter done
Event: 0.629 loading class org/uqbar/project/wollok/interpreter/api/XInterpreterListener
Event: 0.629 loading class org/uqbar/project/wollok/interpreter/api/XInterpreterListener done
Event: 0.631 loading class java/security/PrivilegedActionException
Event: 0.631 loading class java/security/PrivilegedActionException done
Event: 0.631 loading class java/lang/SecurityException
Event: 0.631 loading class java/lang/SecurityException done
Event: 0.631 loading class java/lang/NoSuchMethodException
Event: 0.631 loading class java/lang/NoSuchMethodException done


Dynamic libraries:
0x00007ff636350000 - 0x00007ff636387000 	C:\Program Files\Java\jre1.8.0_201\bin\javaw.exe
0x00007ff830da0000 - 0x00007ff830f90000 	C:\WINDOWS\SYSTEM32\ntdll.dll
0x00007ff830770000 - 0x00007ff830822000 	C:\WINDOWS\System32\KERNEL32.DLL
0x00007ff82e6b0000 - 0x00007ff82e952000 	C:\WINDOWS\System32\KERNELBASE.dll
0x00007ff82ef50000 - 0x00007ff82eff3000 	C:\WINDOWS\System32\ADVAPI32.dll
0x00007ff830390000 - 0x00007ff83042e000 	C:\WINDOWS\System32\msvcrt.dll
0x00007ff82fc10000 - 0x00007ff82fca7000 	C:\WINDOWS\System32\sechost.dll
0x00007ff82f480000 - 0x00007ff82f5a0000 	C:\WINDOWS\System32\RPCRT4.dll
0x00007ff82fa10000 - 0x00007ff82fba3000 	C:\WINDOWS\System32\USER32.dll
0x00007ff82dd30000 - 0x00007ff82dd51000 	C:\WINDOWS\System32\win32u.dll
0x00007ff82f000000 - 0x00007ff82f026000 	C:\WINDOWS\System32\GDI32.dll
0x00007ff82dd90000 - 0x00007ff82df24000 	C:\WINDOWS\System32\gdi32full.dll
0x00007ff82edc0000 - 0x00007ff82ee5e000 	C:\WINDOWS\System32\msvcp_win.dll
0x00007ff82ea70000 - 0x00007ff82eb6a000 	C:\WINDOWS\System32\ucrtbase.dll
0x00007ff8163d0000 - 0x00007ff816655000 	C:\WINDOWS\WinSxS\amd64_microsoft.windows.common-controls_6595b64144ccf1df_6.0.18356.21_none_a16b617251492316\COMCTL32.dll
0x00007ff830430000 - 0x00007ff830766000 	C:\WINDOWS\System32\combase.dll
0x00007ff82e980000 - 0x00007ff82ea01000 	C:\WINDOWS\System32\bcryptPrimitives.dll
0x00007ff82ef20000 - 0x00007ff82ef4e000 	C:\WINDOWS\System32\IMM32.DLL
0x00000000620a0000 - 0x0000000062171000 	C:\Program Files\Java\jre1.8.0_201\bin\msvcr100.dll
0x000000005fb70000 - 0x0000000060414000 	C:\Program Files\Java\jre1.8.0_201\bin\server\jvm.dll
0x00007ff830bf0000 - 0x00007ff830bf8000 	C:\WINDOWS\System32\PSAPI.DLL
0x00007ff8251a0000 - 0x00007ff8251aa000 	C:\WINDOWS\SYSTEM32\VERSION.dll
0x00007ff82c0c0000 - 0x00007ff82c0e4000 	C:\WINDOWS\SYSTEM32\WINMM.dll
0x00007ff8254a0000 - 0x00007ff8254a9000 	C:\WINDOWS\SYSTEM32\WSOCK32.dll
0x00007ff830b80000 - 0x00007ff830bef000 	C:\WINDOWS\System32\WS2_32.dll
0x00007ff82c090000 - 0x00007ff82c0bd000 	C:\WINDOWS\SYSTEM32\WINMMBASE.dll
0x00007ff82ecc0000 - 0x00007ff82ed0a000 	C:\WINDOWS\System32\cfgmgr32.dll
0x00007ff823440000 - 0x00007ff82344f000 	C:\Program Files\Java\jre1.8.0_201\bin\verify.dll
0x00007ff81ccb0000 - 0x00007ff81ccd9000 	C:\Program Files\Java\jre1.8.0_201\bin\java.dll
0x00007ff81eba0000 - 0x00007ff81ebb6000 	C:\Program Files\Java\jre1.8.0_201\bin\zip.dll
0x00007ff82fcb0000 - 0x00007ff830390000 	C:\WINDOWS\System32\SHELL32.dll
0x00007ff82f030000 - 0x00007ff82f0d9000 	C:\WINDOWS\System32\shcore.dll
0x00007ff82df30000 - 0x00007ff82e6ab000 	C:\WINDOWS\System32\windows.storage.dll
0x00007ff82dca0000 - 0x00007ff82dcbf000 	C:\WINDOWS\System32\profapi.dll
0x00007ff82dce0000 - 0x00007ff82dd2a000 	C:\WINDOWS\System32\powrprof.dll
0x00007ff82dc70000 - 0x00007ff82dc80000 	C:\WINDOWS\System32\UMPDC.dll
0x00007ff830ab0000 - 0x00007ff830b02000 	C:\WINDOWS\System32\shlwapi.dll
0x00007ff82dc80000 - 0x00007ff82dc91000 	C:\WINDOWS\System32\kernel.appcore.dll
0x00007ff82e960000 - 0x00007ff82e977000 	C:\WINDOWS\System32\cryptsp.dll

VM Arguments:
jvm_args: -Duser.language=es_AR -Dfile.encoding=UTF-8 
java_command: org.uqbar.project.wollok.launch.WollokLauncher -r -dd -requestsPort 0 -eventsPort 0 -dynamicDiagramPort 62026 -folder -wf src/empleados.wlk
java_class_path (initial): C:\Users\p4bl1\Desktop\Unahur\Obj1\proyectWollok\empanadas-gimenez-P4BL1SK1\bin;C:\Wollok\plugins\com.ibm.icu_56.1.0.v201601250100.jar;C:\Wollok\plugins\org.eclipse.xtext_2.11.0.v20170130-0808.jar;C:\Wollok\plugins\org.eclipse.emf.ecore.xmi_2.12.0.v20160420-0247.jar;C:\Wollok\plugins\org.eclipse.emf.ecore_2.12.0.v20160420-0247.jar;C:\Wollok\plugins\org.eclipse.emf.common_2.12.0.v20160420-0247.jar;C:\Wollok\plugins\org.antlr.runtime_3.2.0.v201101311130.jar;C:\Wollok\plugins\com.google.inject_3.0.0.v201605172100.jar;C:\Wollok\plugins\org.eclipse.emf.mwe.core_1.4.0.jar;C:\Wollok\plugins\org.apache.commons.cli_1.2.0.v201404270220.jar;C:\Wollok\plugins\org.eclipse.emf.mwe2.runtime_2.10.0.jar;C:\Wollok\plugins\org.eclipse.emf.mwe.utils_1.4.0.jar;C:\Wollok\plugins\org.eclipse.xtext.util_2.11.0.v20170130-0808.jar;C:\Wollok\plugins\com.google.guava_15.0.0.v201403281430.jar;C:\Wollok\plugins\javax.inject_1.0.0.v20091030.jar;C:\Wollok\plugins\org.eclipse.xtext.generator_2.11.0.v20170131-1210.jar;C:\Wollok\plugins\org.eclipse.xtext.xtext.generator_2.11.0.v20170130-0808.jar;C:\Wollok\plugins\org.eclipse.xtext.xbase.lib_2.11.0.v20170124-1424.jar;C:\Wollok\plugins\org.eclipse.emf.codegen.ecore_2.12.0.v20160526-0356.jar;C:\Wollok\plugins\org.eclipse.emf.codegen_2.11.0.v20160526-0356.jar;C:\Wollok\plugins\org.eclipse.xtend_2.2.0.v201605260315.jar;C:\Wollok\plugins\org.eclipse.xpand_2.2.0.v201605260315.jar;C:\Wollok\plugins\org.eclipse.xtend.typesystem.emf_2.2.0.v201605260315.jar;C:\Wollok\plugins\org.eclipse.emf.mwe2.lib_2.9.0.v201605261103.jar;C:\Wollok\plugins\org.uqbar.project.wollok_1.7.6.jar;C:\Wollok\plugins\org.eclipse.xtext.xbase_2.11.0.v20170131-1210.jar;C:\Wollok\plugins\org.eclipse.xtext.common.types_2.11.0.v20170131-1210.jar;C:\Wollok\plugins\org.eclipse.xtend.lib_2.11.0.v20170124-1424.jar;C:\Wollok\plugins\org.eclipse.xtend.lib.macro_2.11.0.v20170124-1424.jar;C:\Wollok\plugins\org.apache.commons.collections_3.2.2.v201511171945.jar;C:\Wollok\
Launcher Type: SUN_STANDARD

Environment Variables:
PATH=C:/Program Files/Java/jre1.8.0_201/bin/server;C:/Program Files/Java/jre1.8.0_201/bin;C:/Program Files/Java/jre1.8.0_201/lib/amd64;C:\Program Files (x86)\Common Files\Oracle\Java\javapath;C:\WINDOWS\system32;C:\WINDOWS;C:\WINDOWS\System32\Wbem;C:\WINDOWS\System32\WindowsPowerShell\v1.0\;C:\WINDOWS\System32\OpenSSH\;C:\Program Files\Git\cmd;C:\Users\p4bl1\AppData\Local\Microsoft\WindowsApps;;C:\Wollok;
USERNAME=P4BL1SK1
OS=Windows_NT
PROCESSOR_IDENTIFIER=Intel64 Family 6 Model 142 Stepping 9, GenuineIntel



---------------  S Y S T E M  ---------------

OS: Windows 10.0 , 64 bit Build 18356 (10.0.18356.1)

CPU:total 4 (initial active 4) (2 cores per cpu, 2 threads per core) family 6 model 142 stepping 9, cmov, cx8, fxsr, mmx, sse, sse2, sse3, ssse3, sse4.1, sse4.2, popcnt, avx, avx2, aes, clmul, erms, 3dnowpref, lzcnt, ht, tsc, tscinvbit, bmi1, bmi2, adx

Memory: 4k page, physical 4066020k(521896k free), swap 16648932k(1296k free)

vm_info: Java HotSpot(TM) 64-Bit Server VM (25.201-b09) for windows-amd64 JRE (1.8.0_201-b09), built on Dec 15 2018 18:36:39 by "java_re" with MS VC++ 10.0 (VS2010)

time: Thu Apr 11 01:30:31 2019
timezone: Hora estándar de Argentina
elapsed time: 0 seconds (0d 0h 0m 0s)

